++ date
+ echo '[Sat Nov  1 12:01:59 PM CET 2025] Task 3 -> ita'
+ echo 'Pair: first singular -> third singular'
+ echo 'Model: bigscience/bloom-1b1'
+ srun python3 -u mega_automation_incorrect.py ' '
Traceback (most recent call last):
  File "/home/lis.isabella.gidi/jsalt2025/src/experiments/mega_automation_edited/incorrect/mega_automation_incorrect.py", line 23, in <module>
    from utils_mega_automation import (
    ...<11 lines>...
    )
ModuleNotFoundError: No module named 'utils_mega_automation'
srun: error: selexini-1: task 0: Exited with exit code 1
